2020-11-05 15:39:11: isDev true
2020-11-05 15:39:11: isDev true
2020-11-05 15:39:11: isDev true
2020-11-05 15:39:11: isDev true
2020-11-05 15:39:12: listening on port1 3330
2020-11-05 15:39:12: Mongoose connection open to 3330
2020-11-05 15:39:12: listening on port1 3330
2020-11-05 15:39:12: Mongoose connection open to 3330
2020-11-05 15:39:12: listening on port1 3330
2020-11-05 15:39:12: Mongoose connection open to 3330
2020-11-05 15:39:12: listening on port1 3330
2020-11-05 15:39:12: Mongoose connection open to 3330
2020-11-05 15:39:25: isDev true
2020-11-05 15:39:26: listening on port1 3330
2020-11-05 15:39:26: Mongoose connection open to 3330
2020-11-05 15:39:27: []
2020-11-05 15:39:27: []
2020-11-05 15:39:35: isDev true
2020-11-05 15:39:36: listening on port1 3330
2020-11-05 15:39:36: Mongoose connection open to 3330
2020-11-05 15:39:45: isDev true
2020-11-05 15:39:46: listening on port1 3330
2020-11-05 15:39:46: Mongoose connection open to 3330
2020-11-05 15:39:55: isDev true
2020-11-05 15:39:55: listening on port1 3330
2020-11-05 15:39:55: Mongoose connection open to 3330
2020-11-05 15:40:15: isDev true
2020-11-05 15:40:15: isDev true
2020-11-05 15:40:15: isDev true
2020-11-05 15:40:15: isDev true
2020-11-05 15:40:16: listening on port1 3330
2020-11-05 15:40:16: listening on port1 3330
2020-11-05 15:40:16: Mongoose connection open to 3330
2020-11-05 15:40:16: Mongoose connection open to 3330
2020-11-05 15:40:16: listening on port1 3330
2020-11-05 15:40:16: listening on port1 3330
2020-11-05 15:40:16: Mongoose connection open to 3330
2020-11-05 15:40:16: Mongoose connection open to 3330
2020-11-05 15:40:25: isDev true
2020-11-05 15:40:26: listening on port1 3330
2020-11-05 15:40:26: Mongoose connection open to 3330
2020-11-05 15:40:35: isDev true
2020-11-05 15:40:35: listening on port1 3330
2020-11-05 15:40:35: Mongoose connection open to 3330
2020-11-05 15:40:53: isDev true
2020-11-05 15:40:54: listening on port1 3330
2020-11-05 15:40:54: Mongoose connection open to 3330
2020-11-05 15:40:55: isDev true
2020-11-05 15:40:55: listening on port1 3330
2020-11-05 15:40:56: Mongoose connection open to 3330
2020-11-05 15:41:12: []
2020-11-05 15:41:12: []
2020-11-05 15:41:23: []
2020-11-05 15:41:23: []
2020-11-05 15:41:25: isDev true
2020-11-05 15:41:26: listening on port1 3330
2020-11-05 15:41:26: Mongoose connection open to 3330
2020-11-05 15:41:31: []
2020-11-05 15:41:31: []
2020-11-05 15:41:55: isDev true
2020-11-05 15:41:56: listening on port1 3330
2020-11-05 15:41:56: Mongoose connection open to 3330
2020-11-05 15:42:03: []
2020-11-05 15:42:03: []
2020-11-05 15:42:06: []
2020-11-05 15:42:07: []
2020-11-05 15:42:25: isDev true
2020-11-05 15:42:26: listening on port1 3330
2020-11-05 15:42:26: Mongoose connection open to 3330
2020-11-05 15:42:31: isDev true
2020-11-05 15:42:32: isDev true
2020-11-05 15:42:32: listening on port1 3330
2020-11-05 15:42:32: Mongoose connection open to 3330
2020-11-05 15:42:32: listening on port1 3330
2020-11-05 15:42:32: Mongoose connection open to 3330
2020-11-05 15:42:55: isDev true
2020-11-05 15:42:55: listening on port1 3330
2020-11-05 15:42:56: Mongoose connection open to 3330
2020-11-05 15:43:25: isDev true
2020-11-05 15:43:26: listening on port1 3330
2020-11-05 15:43:26: Mongoose connection open to 3330
2020-11-05 15:43:55: isDev true
2020-11-05 15:43:55: listening on port1 3330
2020-11-05 15:43:55: Mongoose connection open to 3330
2020-11-05 15:44:25: isDev true
2020-11-05 15:44:26: listening on port1 3330
2020-11-05 15:44:26: Mongoose connection open to 3330
2020-11-05 15:44:31: isDev true
2020-11-05 15:44:31: isDev true
2020-11-05 15:44:31: listening on port1 3330
2020-11-05 15:44:31: Mongoose connection open to 3330
2020-11-05 15:44:32: listening on port1 3330
2020-11-05 15:44:32: Mongoose connection open to 3330
2020-11-05 15:44:44: isDev true
2020-11-05 15:44:45: listening on port1 3330
2020-11-05 15:44:45: Mongoose connection open to 3330
2020-11-05 15:44:55: isDev true
2020-11-05 15:44:56: listening on port1 3330
2020-11-05 15:44:56: Mongoose connection open to 3330
2020-11-05 15:45:25: isDev true
2020-11-05 15:45:25: listening on port1 3330
2020-11-05 15:45:26: Mongoose connection open to 3330
2020-11-05 15:45:55: isDev true
2020-11-05 15:45:56: listening on port1 3330
2020-11-05 15:45:56: Mongoose connection open to 3330
2020-11-05 15:46:25: isDev true
2020-11-05 15:46:26: listening on port1 3330
2020-11-05 15:46:26: Mongoose connection open to 3330
2020-11-05 15:46:55: isDev true
2020-11-05 15:46:56: listening on port1 3330
2020-11-05 15:46:56: Mongoose connection open to 3330
2020-11-05 15:47:02: isDev true
2020-11-05 15:47:02: isDev true
2020-11-05 15:47:03: listening on port1 3330
2020-11-05 15:47:03: listening on port1 3330
2020-11-05 15:47:03: Mongoose connection open to 3330
2020-11-05 15:47:03: Mongoose connection open to 3330
2020-11-05 15:47:13: isDev true
2020-11-05 15:47:14: listening on port1 3330
2020-11-05 15:47:14: Mongoose connection open to 3330
2020-11-05 15:47:42: isDev true
2020-11-05 15:47:43: listening on port1 3330
2020-11-05 15:47:43: Mongoose connection open to 3330
2020-11-05 15:47:53: isDev true
2020-11-05 15:47:54: listening on port1 3330
2020-11-05 15:47:54: Mongoose connection open to 3330
2020-11-05 15:48:01: isDev true
2020-11-05 15:48:02: listening on port1 3330
2020-11-05 15:48:02: Mongoose connection open to 3330
2020-11-05 15:50:28: isDev true
2020-11-05 15:50:28: listening on port1 3330
2020-11-05 15:50:28: Mongoose connection open to 3330
2020-11-05 15:52:39: isDev true
2020-11-05 15:52:40: listening on port1 3330
2020-11-05 15:52:40: Mongoose connection open to 3330
2020-11-05 15:52:55: isDev true
2020-11-05 15:52:56: listening on port1 3330
2020-11-05 15:52:56: Mongoose connection open to 3330
2020-11-05 15:53:24: isDev true
2020-11-05 15:53:24: listening on port1 3330
2020-11-05 15:53:24: Mongoose connection open to 3330
2020-11-05 15:53:25: isDev true
2020-11-05 15:53:26: listening on port1 3330
2020-11-05 15:53:26: Mongoose connection open to 3330
2020-11-05 15:53:41: isDev true
2020-11-05 15:53:42: listening on port1 3330
2020-11-05 15:53:42: Mongoose connection open to 3330
2020-11-05 15:53:55: isDev true
2020-11-05 15:53:56: listening on port1 3330
2020-11-05 15:53:56: Mongoose connection open to 3330
2020-11-05 15:54:25: isDev true
2020-11-05 15:54:26: listening on port1 3330
2020-11-05 15:54:26: Mongoose connection open to 3330
2020-11-05 15:54:55: isDev true
2020-11-05 15:54:56: listening on port1 3330
2020-11-05 15:54:56: Mongoose connection open to 3330
2020-11-05 15:55:25: isDev true
2020-11-05 15:55:26: listening on port1 3330
2020-11-05 15:55:26: Mongoose connection open to 3330
2020-11-05 15:55:55: isDev true
2020-11-05 15:55:56: listening on port1 3330
2020-11-05 15:55:56: Mongoose connection open to 3330
2020-11-05 15:56:03: isDev true
2020-11-05 15:56:03: isDev true
2020-11-05 15:56:04: Model { test } 'myModel'
2020-11-05 15:56:04: listening on port1 3330
2020-11-05 15:56:04: Model { test } 'myModel'
2020-11-05 15:56:04: listening on port1 3330
2020-11-05 15:56:04: Mongoose connection open to 3330
2020-11-05 15:56:04: Mongoose connection open to 3330
2020-11-05 15:56:25: isDev true
2020-11-05 15:56:26: Model { test } 'myModel'
2020-11-05 15:56:26: listening on port1 3330
2020-11-05 15:56:26: Mongoose connection open to 3330
2020-11-05 15:56:38: isDev true
2020-11-05 15:56:39: listening on port1 3330
2020-11-05 15:56:39: Mongoose connection open to 3330
2020-11-05 15:56:55: isDev true
2020-11-05 15:56:56: listening on port1 3330
2020-11-05 15:56:56: Mongoose connection open to 3330
2020-11-05 15:57:25: isDev true
2020-11-05 15:57:26: listening on port1 3330
2020-11-05 15:57:26: Mongoose connection open to 3330
2020-11-05 15:57:55: isDev true
2020-11-05 15:57:56: listening on port1 3330
2020-11-05 15:57:56: Mongoose connection open to 3330
2020-11-05 15:58:25: isDev true
2020-11-05 15:58:26: listening on port1 3330
2020-11-05 15:58:26: Mongoose connection open to 3330
2020-11-05 15:58:55: isDev true
2020-11-05 15:58:56: listening on port1 3330
2020-11-05 15:58:56: Mongoose connection open to 3330
2020-11-05 15:59:19: isDev true
2020-11-05 15:59:20: listening on port1 3330
2020-11-05 15:59:20: Mongoose connection open to 3330
2020-11-05 15:59:25: isDev true
2020-11-05 15:59:26: listening on port1 3330
2020-11-05 15:59:26: Mongoose connection open to 3330
2020-11-05 15:59:55: isDev true
2020-11-05 15:59:56: listening on port1 3330
2020-11-05 15:59:56: Mongoose connection open to 3330
2020-11-05 16:00:16: isDev true
2020-11-05 16:00:16: listening on port1 3330
2020-11-05 16:00:16: Mongoose connection open to 3330
2020-11-05 16:00:25: isDev true
2020-11-05 16:00:26: listening on port1 3330
2020-11-05 16:00:26: Mongoose connection open to 3330
2020-11-05 16:00:38: isDev true
2020-11-05 16:00:38: listening on port1 3330
2020-11-05 16:00:38: Mongoose connection open to 3330
2020-11-05 16:00:51: isDev true
2020-11-05 16:00:52: listening on port1 3330
2020-11-05 16:00:52: Mongoose connection open to 3330
2020-11-05 16:00:55: isDev true
2020-11-05 16:00:56: listening on port1 3330
2020-11-05 16:00:56: Mongoose connection open to 3330
2020-11-05 16:01:25: isDev true
2020-11-05 16:01:26: listening on port1 3330
2020-11-05 16:01:26: Mongoose connection open to 3330
2020-11-05 16:01:55: isDev true
2020-11-05 16:01:56: listening on port1 3330
2020-11-05 16:01:56: Mongoose connection open to 3330
2020-11-05 16:02:25: isDev true
2020-11-05 16:02:26: listening on port1 3330
2020-11-05 16:02:26: Mongoose connection open to 3330
2020-11-05 16:02:55: isDev true
2020-11-05 16:02:56: listening on port1 3330
2020-11-05 16:02:56: Mongoose connection open to 3330
2020-11-05 16:03:25: isDev true
2020-11-05 16:03:26: listening on port1 3330
2020-11-05 16:03:26: Mongoose connection open to 3330
2020-11-05 16:03:55: isDev true
2020-11-05 16:03:56: listening on port1 3330
2020-11-05 16:03:56: Mongoose connection open to 3330
2020-11-05 16:04:25: isDev true
2020-11-05 16:04:26: listening on port1 3330
2020-11-05 16:04:26: Mongoose connection open to 3330
2020-11-05 16:04:55: isDev true
2020-11-05 16:04:56: listening on port1 3330
2020-11-05 16:04:56: Mongoose connection open to 3330
2020-11-05 16:05:25: isDev true
2020-11-05 16:05:26: listening on port1 3330
2020-11-05 16:05:26: Mongoose connection open to 3330
2020-11-05 16:05:55: isDev true
2020-11-05 16:05:56: listening on port1 3330
2020-11-05 16:05:56: Mongoose connection open to 3330
2020-11-05 16:06:25: isDev true
2020-11-05 16:06:26: listening on port1 3330
2020-11-05 16:06:26: Mongoose connection open to 3330
2020-11-05 16:06:36: isDev true
2020-11-05 16:06:36: isDev true
2020-11-05 16:06:37: listening on port1 3330
2020-11-05 16:06:37: listening on port1 3330
2020-11-05 16:06:37: Mongoose connection open to 3330
2020-11-05 16:06:37: Mongoose connection open to 3330
2020-11-05 16:06:55: isDev true
2020-11-05 16:06:56: listening on port1 3330
2020-11-05 16:06:56: Mongoose connection open to 3330
2020-11-05 16:07:25: isDev true
2020-11-05 16:07:26: listening on port1 3330
2020-11-05 16:07:26: Mongoose connection open to 3330
2020-11-05 16:07:55: isDev true
2020-11-05 16:07:56: listening on port1 3330
2020-11-05 16:07:56: Mongoose connection open to 3330
2020-11-05 16:08:25: isDev true
2020-11-05 16:08:26: listening on port1 3330
2020-11-05 16:08:26: Mongoose connection open to 3330
2020-11-05 16:08:55: isDev true
2020-11-05 16:08:56: listening on port1 3330
2020-11-05 16:08:56: Mongoose connection open to 3330
2020-11-05 16:08:59: isDev true
2020-11-05 16:08:59: isDev true
2020-11-05 16:09:00: listening on port1 3330
2020-11-05 16:09:00: Mongoose connection open to 3330
2020-11-05 16:09:00: listening on port1 3330
2020-11-05 16:09:00: Mongoose connection open to 3330
2020-11-05 16:09:25: isDev true
2020-11-05 16:09:26: listening on port1 3330
2020-11-05 16:09:26: Mongoose connection open to 3330
2020-11-05 16:09:55: isDev true
2020-11-05 16:09:56: listening on port1 3330
2020-11-05 16:09:56: Mongoose connection open to 3330
2020-11-05 16:10:01: isDev true
2020-11-05 16:10:01: listening on port1 3330
2020-11-05 16:10:01: isDev true
2020-11-05 16:10:01: listening on port1 3330
2020-11-05 16:10:04: isDev true
2020-11-05 16:10:05: listening on port1 3330
2020-11-05 16:10:05: Mongoose connection open to 3330
2020-11-05 16:10:25: isDev true
2020-11-05 16:10:26: listening on port1 3330
2020-11-05 16:10:26: Mongoose connection open to 3330
2020-11-05 16:10:52: isDev true
2020-11-05 16:10:53: listening on port1 3330
2020-11-05 16:10:53: Mongoose connection open to 3330
2020-11-05 16:10:55: isDev true
2020-11-05 16:10:56: listening on port1 3330
2020-11-05 16:10:56: Mongoose connection open to 3330
2020-11-05 16:11:09: isDev true
2020-11-05 16:11:10: listening on port1 3330
2020-11-05 16:11:10: Mongoose connection open to 3330
2020-11-05 16:11:25: isDev true
2020-11-05 16:11:26: listening on port1 3330
2020-11-05 16:11:26: Mongoose connection open to 3330
2020-11-05 16:11:35: isDev true
2020-11-05 16:11:36: isDev true
2020-11-05 16:11:36: listening on port1 3330
2020-11-05 16:11:36: Mongoose connection open to 3330
2020-11-05 16:11:37: listening on port1 3330
2020-11-05 16:11:37: Mongoose connection open to 3330
2020-11-05 16:11:55: isDev true
2020-11-05 16:11:56: listening on port1 3330
2020-11-05 16:11:56: Mongoose connection open to 3330
2020-11-05 16:12:03: isDev true
2020-11-05 16:12:03: isDev true
2020-11-05 16:12:03: listening on port1 3330
2020-11-05 16:12:03: listening on port1 3330
2020-11-05 16:12:03: Mongoose connection open to 3330
2020-11-05 16:12:03: Mongoose connection open to 3330
2020-11-05 16:12:25: isDev true
2020-11-05 16:12:26: listening on port1 3330
2020-11-05 16:12:26: Mongoose connection open to 3330
2020-11-05 16:12:55: isDev true
2020-11-05 16:12:56: listening on port1 3330
2020-11-05 16:12:56: Mongoose connection open to 3330
2020-11-05 16:13:25: isDev true
2020-11-05 16:13:26: listening on port1 3330
2020-11-05 16:13:26: Mongoose connection open to 3330
2020-11-05 16:13:55: isDev true
2020-11-05 16:13:56: listening on port1 3330
2020-11-05 16:13:56: Mongoose connection open to 3330
2020-11-05 16:14:25: isDev true
2020-11-05 16:14:26: listening on port1 3330
2020-11-05 16:14:26: Mongoose connection open to 3330
2020-11-05 16:14:55: isDev true
2020-11-05 16:14:56: listening on port1 3330
2020-11-05 16:14:56: Mongoose connection open to 3330
2020-11-05 16:15:25: isDev true
2020-11-05 16:15:26: listening on port1 3330
2020-11-05 16:15:26: Mongoose connection open to 3330
2020-11-05 16:15:55: isDev true
2020-11-05 16:15:56: listening on port1 3330
2020-11-05 16:15:56: Mongoose connection open to 3330
2020-11-05 16:16:25: isDev true
2020-11-05 16:16:26: listening on port1 3330
2020-11-05 16:16:26: Mongoose connection open to 3330
2020-11-05 16:16:55: isDev true
2020-11-05 16:16:56: listening on port1 3330
2020-11-05 16:16:56: Mongoose connection open to 3330
2020-11-05 16:17:25: isDev true
2020-11-05 16:17:26: listening on port1 3330
2020-11-05 16:17:26: Mongoose connection open to 3330
2020-11-05 16:17:55: isDev true
2020-11-05 16:17:56: listening on port1 3330
2020-11-05 16:17:56: Mongoose connection open to 3330
2020-11-05 16:18:25: isDev true
2020-11-05 16:18:26: listening on port1 3330
2020-11-05 16:18:26: Mongoose connection open to 3330
2020-11-05 16:18:55: isDev true
2020-11-05 16:18:56: listening on port1 3330
2020-11-05 16:18:56: Mongoose connection open to 3330
2020-11-05 16:19:25: isDev true
2020-11-05 16:19:26: listening on port1 3330
2020-11-05 16:19:26: Mongoose connection open to 3330
2020-11-05 16:19:55: isDev true
2020-11-05 16:19:56: listening on port1 3330
2020-11-05 16:19:56: Mongoose connection open to 3330
2020-11-05 16:20:25: isDev true
2020-11-05 16:20:26: listening on port1 3330
2020-11-05 16:20:26: Mongoose connection open to 3330
2020-11-05 16:20:55: isDev true
2020-11-05 16:20:56: listening on port1 3330
2020-11-05 16:20:56: Mongoose connection open to 3330
2020-11-05 16:21:25: isDev true
2020-11-05 16:21:26: listening on port1 3330
2020-11-05 16:21:26: Mongoose connection open to 3330
2020-11-05 16:21:55: isDev true
2020-11-05 16:21:56: listening on port1 3330
2020-11-05 16:21:56: Mongoose connection open to 3330
2020-11-05 16:22:25: isDev true
2020-11-05 16:22:26: listening on port1 3330
2020-11-05 16:22:26: Mongoose connection open to 3330
2020-11-05 16:22:55: isDev true
2020-11-05 16:22:56: listening on port1 3330
2020-11-05 16:22:56: Mongoose connection open to 3330
2020-11-05 16:23:25: isDev true
2020-11-05 16:23:26: listening on port1 3330
2020-11-05 16:23:26: Mongoose connection open to 3330
2020-11-05 16:23:55: isDev true
2020-11-05 16:23:56: listening on port1 3330
2020-11-05 16:23:56: Mongoose connection open to 3330
2020-11-05 16:24:25: isDev true
2020-11-05 16:24:26: listening on port1 3330
2020-11-05 16:24:26: Mongoose connection open to 3330
2020-11-05 16:24:55: isDev true
2020-11-05 16:24:56: listening on port1 3330
2020-11-05 16:24:56: Mongoose connection open to 3330
2020-11-05 16:25:25: isDev true
2020-11-05 16:25:26: listening on port1 3330
2020-11-05 16:25:26: Mongoose connection open to 3330
2020-11-05 16:25:55: isDev true
2020-11-05 16:25:56: listening on port1 3330
2020-11-05 16:25:56: Mongoose connection open to 3330
2020-11-05 16:26:25: isDev true
2020-11-05 16:26:26: listening on port1 3330
2020-11-05 16:26:26: Mongoose connection open to 3330
2020-11-05 16:26:55: isDev true
2020-11-05 16:26:56: listening on port1 3330
2020-11-05 16:26:56: Mongoose connection open to 3330
2020-11-05 16:27:25: isDev true
2020-11-05 16:27:26: listening on port1 3330
2020-11-05 16:27:26: Mongoose connection open to 3330
2020-11-05 16:27:55: isDev true
2020-11-05 16:27:56: listening on port1 3330
2020-11-05 16:27:56: Mongoose connection open to 3330
2020-11-05 16:28:25: isDev true
2020-11-05 16:28:26: listening on port1 3330
2020-11-05 16:28:26: Mongoose connection open to 3330
2020-11-05 16:28:55: isDev true
2020-11-05 16:28:56: listening on port1 3330
2020-11-05 16:28:56: Mongoose connection open to 3330
2020-11-05 16:29:25: isDev true
2020-11-05 16:29:26: listening on port1 3330
2020-11-05 16:29:26: Mongoose connection open to 3330
2020-11-05 16:29:55: isDev true
2020-11-05 16:29:56: listening on port1 3330
2020-11-05 16:29:56: Mongoose connection open to 3330
2020-11-05 16:30:25: isDev true
2020-11-05 16:30:26: listening on port1 3330
2020-11-05 16:30:26: Mongoose connection open to 3330
2020-11-05 16:30:55: isDev true
2020-11-05 16:30:56: listening on port1 3330
2020-11-05 16:30:56: Mongoose connection open to 3330
2020-11-05 16:31:25: isDev true
2020-11-05 16:31:26: listening on port1 3330
2020-11-05 16:31:26: Mongoose connection open to 3330
2020-11-05 16:31:55: isDev true
2020-11-05 16:31:56: listening on port1 3330
2020-11-05 16:31:56: Mongoose connection open to 3330
2020-11-05 16:32:25: isDev true
2020-11-05 16:32:26: listening on port1 3330
2020-11-05 16:32:26: Mongoose connection open to 3330
2020-11-05 16:32:55: isDev true
2020-11-05 16:32:56: listening on port1 3330
2020-11-05 16:32:56: Mongoose connection open to 3330
2020-11-05 16:33:25: isDev true
2020-11-05 16:33:26: listening on port1 3330
2020-11-05 16:33:26: Mongoose connection open to 3330
2020-11-05 16:33:55: isDev true
2020-11-05 16:33:56: listening on port1 3330
2020-11-05 16:33:56: Mongoose connection open to 3330
2020-11-05 16:34:25: isDev true
2020-11-05 16:34:26: listening on port1 3330
2020-11-05 16:34:26: Mongoose connection open to 3330
2020-11-05 16:34:55: isDev true
2020-11-05 16:34:56: listening on port1 3330
2020-11-05 16:34:56: Mongoose connection open to 3330
2020-11-05 16:35:25: isDev true
2020-11-05 16:35:26: listening on port1 3330
2020-11-05 16:35:26: Mongoose connection open to 3330
2020-11-05 16:35:55: isDev true
2020-11-05 16:35:56: listening on port1 3330
2020-11-05 16:35:56: Mongoose connection open to 3330
2020-11-05 16:36:25: isDev true
2020-11-05 16:36:26: listening on port1 3330
2020-11-05 16:36:26: Mongoose connection open to 3330
2020-11-05 16:36:55: isDev true
2020-11-05 16:36:56: listening on port1 3330
2020-11-05 16:36:56: Mongoose connection open to 3330
2020-11-05 16:37:25: isDev true
2020-11-05 16:37:26: listening on port1 3330
2020-11-05 16:37:26: Mongoose connection open to 3330
2020-11-05 16:37:55: isDev true
2020-11-05 16:37:56: listening on port1 3330
2020-11-05 16:37:56: Mongoose connection open to 3330
2020-11-05 16:38:25: isDev true
2020-11-05 16:38:26: listening on port1 3330
2020-11-05 16:38:26: Mongoose connection open to 3330
2020-11-05 16:38:55: isDev true
2020-11-05 16:38:56: listening on port1 3330
2020-11-05 16:38:56: Mongoose connection open to 3330
2020-11-05 16:39:25: isDev true
2020-11-05 16:39:26: listening on port1 3330
2020-11-05 16:39:26: Mongoose connection open to 3330
2020-11-05 16:39:55: isDev true
2020-11-05 16:39:56: listening on port1 3330
2020-11-05 16:39:56: Mongoose connection open to 3330
2020-11-05 16:40:25: isDev true
2020-11-05 16:40:26: listening on port1 3330
2020-11-05 16:40:26: Mongoose connection open to 3330
2020-11-05 16:40:55: isDev true
2020-11-05 16:40:56: listening on port1 3330
2020-11-05 16:40:56: Mongoose connection open to 3330
2020-11-05 16:41:25: isDev true
2020-11-05 16:41:26: listening on port1 3330
2020-11-05 16:41:26: Mongoose connection open to 3330
2020-11-05 16:41:55: isDev true
2020-11-05 16:41:56: listening on port1 3330
2020-11-05 16:41:56: Mongoose connection open to 3330
2020-11-05 16:42:25: isDev true
2020-11-05 16:42:26: listening on port1 3330
2020-11-05 16:42:26: Mongoose connection open to 3330
2020-11-05 16:42:55: isDev true
2020-11-05 16:42:56: listening on port1 3330
2020-11-05 16:42:56: Mongoose connection open to 3330
2020-11-05 16:43:25: isDev true
2020-11-05 16:43:26: listening on port1 3330
2020-11-05 16:43:26: Mongoose connection open to 3330
2020-11-05 16:43:55: isDev true
2020-11-05 16:43:56: listening on port1 3330
2020-11-05 16:43:56: Mongoose connection open to 3330
2020-11-05 16:44:25: isDev true
2020-11-05 16:44:26: listening on port1 3330
2020-11-05 16:44:26: Mongoose connection open to 3330
2020-11-05 16:44:55: isDev true
2020-11-05 16:44:56: listening on port1 3330
2020-11-05 16:44:56: Mongoose connection open to 3330
2020-11-05 16:45:25: isDev true
2020-11-05 16:45:26: listening on port1 3330
2020-11-05 16:45:26: Mongoose connection open to 3330
2020-11-05 16:45:55: isDev true
2020-11-05 16:45:56: listening on port1 3330
2020-11-05 16:45:56: Mongoose connection open to 3330
2020-11-05 16:46:25: isDev true
2020-11-05 16:46:26: listening on port1 3330
2020-11-05 16:46:26: Mongoose connection open to 3330
2020-11-05 16:46:45: isDev true
2020-11-05 16:46:46: listening on port1 3330
2020-11-05 16:46:46: Mongoose connection open to 3330
2020-11-05 16:46:55: isDev true
2020-11-05 16:46:56: listening on port1 3330
2020-11-05 16:46:56: Mongoose connection open to 3330
2020-11-05 16:47:25: isDev true
2020-11-05 16:47:26: listening on port1 3330
2020-11-05 16:47:26: Mongoose connection open to 3330
2020-11-05 16:47:28: isDev true
2020-11-05 16:47:28: isDev true
2020-11-05 16:47:29: listening on port1 3330
2020-11-05 16:47:29: listening on port1 3330
2020-11-05 16:47:29: Mongoose connection open to 3330
2020-11-05 16:47:29: Mongoose connection open to 3330
2020-11-05 16:47:50: isDev true
2020-11-05 16:47:51: listening on port1 3330
2020-11-05 16:47:51: Mongoose connection open to 3330
2020-11-05 16:47:55: isDev true
2020-11-05 16:47:56: listening on port1 3330
2020-11-05 16:47:56: Mongoose connection open to 3330
2020-11-05 16:48:05: isDev true
2020-11-05 16:48:06: isDev true
2020-11-05 16:48:06: listening on port1 3330
2020-11-05 16:48:06: Mongoose connection open to 3330
2020-11-05 16:48:06: listening on port1 3330
2020-11-05 16:48:06: Mongoose connection open to 3330
2020-11-05 16:48:10: isDev true
2020-11-05 16:48:11: listening on port1 3330
2020-11-05 16:48:11: Mongoose connection open to 3330
2020-11-05 16:48:25: isDev true
2020-11-05 16:48:26: listening on port1 3330
2020-11-05 16:48:26: Mongoose connection open to 3330
2020-11-05 16:48:55: isDev true
2020-11-05 16:48:56: listening on port1 3330
2020-11-05 16:48:56: Mongoose connection open to 3330
2020-11-05 16:49:25: isDev true
2020-11-05 16:49:26: listening on port1 3330
2020-11-05 16:49:26: Mongoose connection open to 3330
2020-11-05 16:49:55: isDev true
2020-11-05 16:49:56: listening on port1 3330
2020-11-05 16:49:56: Mongoose connection open to 3330
2020-11-05 16:50:03: isDev true
2020-11-05 16:50:03: isDev true
2020-11-05 16:50:03: listening on port1 3330
2020-11-05 16:50:03: listening on port1 3330
2020-11-05 16:50:03: Mongoose connection open to 3330
2020-11-05 16:50:04: Mongoose connection open to 3330
2020-11-05 16:50:25: isDev true
2020-11-05 16:50:26: listening on port1 3330
2020-11-05 16:50:26: Mongoose connection open to 3330
2020-11-05 16:50:55: isDev true
2020-11-05 16:50:56: listening on port1 3330
2020-11-05 16:50:56: Mongoose connection open to 3330
2020-11-05 16:51:10: isDev true
2020-11-05 16:51:11: listening on port1 3330
2020-11-05 16:51:11: Mongoose connection open to 3330
2020-11-05 16:51:25: isDev true
2020-11-05 16:51:26: listening on port1 3330
2020-11-05 16:51:26: Mongoose connection open to 3330
2020-11-05 16:51:55: isDev true
2020-11-05 16:51:56: listening on port1 3330
2020-11-05 16:51:56: Mongoose connection open to 3330
2020-11-05 16:51:58: isDev true
2020-11-05 16:51:58: isDev true
2020-11-05 16:51:59: listening on port1 3330
2020-11-05 16:51:59: listening on port1 3330
2020-11-05 16:51:59: Mongoose connection open to 3330
2020-11-05 16:51:59: Mongoose connection open to 3330
2020-11-05 16:52:25: isDev true
2020-11-05 16:52:26: listening on port1 3330
2020-11-05 16:52:26: Mongoose connection open to 3330
2020-11-05 16:52:32: isDev true
2020-11-05 16:52:32: isDev true
2020-11-05 16:52:33: listening on port1 3330
2020-11-05 16:52:33: listening on port1 3330
2020-11-05 16:52:33: Mongoose connection open to 3330
2020-11-05 16:52:33: Mongoose connection open to 3330
2020-11-05 16:52:55: isDev true
2020-11-05 16:52:56: listening on port1 3330
2020-11-05 16:52:56: Mongoose connection open to 3330
2020-11-05 16:53:25: isDev true
2020-11-05 16:53:26: listening on port1 3330
2020-11-05 16:53:26: Mongoose connection open to 3330
2020-11-05 16:53:55: isDev true
2020-11-05 16:53:56: listening on port1 3330
2020-11-05 16:53:56: Mongoose connection open to 3330
2020-11-05 16:54:25: isDev true
2020-11-05 16:54:26: listening on port1 3330
2020-11-05 16:54:26: Mongoose connection open to 3330
2020-11-05 16:54:55: isDev true
2020-11-05 16:54:56: listening on port1 3330
2020-11-05 16:54:56: Mongoose connection open to 3330
2020-11-05 16:55:25: isDev true
2020-11-05 16:55:26: listening on port1 3330
2020-11-05 16:55:26: Mongoose connection open to 3330
2020-11-05 16:55:55: isDev true
2020-11-05 16:55:56: listening on port1 3330
2020-11-05 16:55:56: Mongoose connection open to 3330
2020-11-05 16:56:25: isDev true
2020-11-05 16:56:26: listening on port1 3330
2020-11-05 16:56:26: Mongoose connection open to 3330
2020-11-05 16:56:55: isDev true
2020-11-05 16:56:56: listening on port1 3330
2020-11-05 16:56:56: Mongoose connection open to 3330
2020-11-05 16:57:25: isDev true
2020-11-05 16:57:26: listening on port1 3330
2020-11-05 16:57:26: Mongoose connection open to 3330
2020-11-05 16:57:55: isDev true
2020-11-05 16:57:56: listening on port1 3330
2020-11-05 16:57:56: Mongoose connection open to 3330
2020-11-05 16:58:25: isDev true
2020-11-05 16:58:26: listening on port1 3330
2020-11-05 16:58:26: Mongoose connection open to 3330
2020-11-05 16:58:55: isDev true
2020-11-05 16:58:56: listening on port1 3330
2020-11-05 16:58:56: Mongoose connection open to 3330
2020-11-05 16:59:25: isDev true
2020-11-05 16:59:26: listening on port1 3330
2020-11-05 16:59:26: Mongoose connection open to 3330
2020-11-05 16:59:55: isDev true
2020-11-05 16:59:56: listening on port1 3330
2020-11-05 16:59:56: Mongoose connection open to 3330
2020-11-05 16:59:58: isDev true
2020-11-05 16:59:59: isDev true
2020-11-05 16:59:59: listening on port1 3330
2020-11-05 16:59:59: Mongoose connection open to 3330
2020-11-05 16:59:59: listening on port1 3330
2020-11-05 16:59:59: Mongoose connection open to 3330
2020-11-05 17:00:25: isDev true
2020-11-05 17:00:26: listening on port1 3330
2020-11-05 17:00:26: Mongoose connection open to 3330
2020-11-05 17:00:55: isDev true
2020-11-05 17:00:56: listening on port1 3330
2020-11-05 17:00:56: Mongoose connection open to 3330
2020-11-05 17:01:25: isDev true
2020-11-05 17:01:26: listening on port1 3330
2020-11-05 17:01:26: Mongoose connection open to 3330
2020-11-05 17:01:55: isDev true
2020-11-05 17:01:56: listening on port1 3330
2020-11-05 17:01:56: Mongoose connection open to 3330
2020-11-05 17:02:25: isDev true
2020-11-05 17:02:26: listening on port1 3330
2020-11-05 17:02:26: Mongoose connection open to 3330
2020-11-05 17:02:55: isDev true
2020-11-05 17:02:56: listening on port1 3330
2020-11-05 17:02:56: Mongoose connection open to 3330
2020-11-05 17:03:25: isDev true
2020-11-05 17:03:26: listening on port1 3330
2020-11-05 17:03:26: Mongoose connection open to 3330
2020-11-05 17:03:55: isDev true
2020-11-05 17:03:56: listening on port1 3330
2020-11-05 17:03:56: Mongoose connection open to 3330
2020-11-05 17:04:25: isDev true
2020-11-05 17:04:26: listening on port1 3330
2020-11-05 17:04:26: Mongoose connection open to 3330
2020-11-05 17:04:42: isDev true
2020-11-05 17:04:43: listening on port1 3330
2020-11-05 17:04:43: Mongoose connection open to 3330
2020-11-05 17:04:55: isDev true
2020-11-05 17:04:56: listening on port1 3330
2020-11-05 17:04:56: Mongoose connection open to 3330
2020-11-05 17:05:25: isDev true
2020-11-05 17:05:26: listening on port1 3330
2020-11-05 17:05:26: Mongoose connection open to 3330
2020-11-05 17:05:28: isDev true
2020-11-05 17:05:28: isDev true
2020-11-05 17:05:29: listening on port1 3330
2020-11-05 17:05:29: listening on port1 3330
2020-11-05 17:05:29: Mongoose connection open to 3330
2020-11-05 17:05:29: Mongoose connection open to 3330
2020-11-05 17:05:42: isDev true
2020-11-05 17:05:43: listening on port1 3330
2020-11-05 17:05:43: Mongoose connection open to 3330
2020-11-05 17:05:55: isDev true
2020-11-05 17:05:56: listening on port1 3330
2020-11-05 17:05:56: Mongoose connection open to 3330
2020-11-05 17:06:21: isDev true
2020-11-05 17:06:21: listening on port1 3330
2020-11-05 17:06:21: Mongoose connection open to 3330
2020-11-05 17:06:25: isDev true
2020-11-05 17:06:26: listening on port1 3330
2020-11-05 17:06:26: Mongoose connection open to 3330
2020-11-05 17:06:55: isDev true
2020-11-05 17:06:56: listening on port1 3330
2020-11-05 17:06:56: Mongoose connection open to 3330
2020-11-05 17:07:17: isDev true
2020-11-05 17:07:18: listening on port1 3330
2020-11-05 17:07:18: Mongoose connection open to 3330
2020-11-05 17:07:25: isDev true
2020-11-05 17:07:26: listening on port1 3330
2020-11-05 17:07:26: Mongoose connection open to 3330
2020-11-05 17:07:35: isDev true
2020-11-05 17:07:35: isDev true
2020-11-05 17:07:36: isDev true
2020-11-05 17:07:38: isDev true
2020-11-05 17:07:39: isDev true
2020-11-05 17:07:41: isDev true
2020-11-05 17:07:43: isDev true
2020-11-05 17:07:45: isDev true
2020-11-05 17:07:47: isDev true
2020-11-05 17:07:48: isDev true
2020-11-05 17:07:50: isDev true
2020-11-05 17:07:52: isDev true
2020-11-05 17:07:54: isDev true
2020-11-05 17:07:56: isDev true
2020-11-05 17:07:56: isDev true
2020-11-05 17:07:58: isDev true
2020-11-05 17:08:00: isDev true
2020-11-05 17:08:02: isDev true
2020-11-05 17:08:04: isDev true
2020-11-05 17:08:06: isDev true
2020-11-05 17:08:08: isDev true
2020-11-05 17:08:10: isDev true
2020-11-05 17:08:12: isDev true
2020-11-05 17:08:14: isDev true
2020-11-05 17:08:15: isDev true
2020-11-05 17:08:17: isDev true
2020-11-05 17:08:19: isDev true
2020-11-05 17:08:21: isDev true
2020-11-05 17:08:23: isDev true
2020-11-05 17:08:25: isDev true
2020-11-05 17:08:27: isDev true
2020-11-05 17:08:29: isDev true
2020-11-05 17:08:31: isDev true
2020-11-05 17:08:33: isDev true
2020-11-05 17:08:35: isDev true
2020-11-05 17:08:37: isDev true
2020-11-05 17:08:39: isDev true
2020-11-05 17:08:41: isDev true
2020-11-05 17:08:42: isDev true
2020-11-05 17:08:44: isDev true
2020-11-05 17:08:47: isDev true
2020-11-05 17:08:48: isDev true
2020-11-05 17:08:51: isDev true
2020-11-05 17:08:53: isDev true
2020-11-05 17:08:54: isDev true
2020-11-05 17:08:56: isDev true
2020-11-05 17:08:57: isDev true
2020-11-05 17:08:58: isDev true
2020-11-05 17:09:00: isDev true
2020-11-05 17:09:01: isDev true
2020-11-05 17:09:03: isDev true
2020-11-05 17:09:05: isDev true
2020-11-05 17:09:07: isDev true
2020-11-05 17:09:08: isDev true
2020-11-05 17:09:10: isDev true
2020-11-05 17:09:12: isDev true
2020-11-05 17:09:13: isDev true
2020-11-05 17:09:15: isDev true
2020-11-05 17:09:17: isDev true
2020-11-05 17:09:19: isDev true
2020-11-05 17:09:21: isDev true
2020-11-05 17:09:22: isDev true
2020-11-05 17:09:24: isDev true
2020-11-05 17:09:26: isDev true
2020-11-05 17:09:26: isDev true
2020-11-05 17:09:28: isDev true
2020-11-05 17:09:28: isDev true
2020-11-05 17:09:30: isDev true
2020-11-05 17:09:32: isDev true
2020-11-05 17:09:34: isDev true
2020-11-05 17:09:35: isDev true
2020-11-05 17:09:37: isDev true
2020-11-05 17:09:39: isDev true
2020-11-05 17:09:41: isDev true
2020-11-05 17:09:42: isDev true
2020-11-05 17:09:44: isDev true
2020-11-05 17:09:46: isDev true
2020-11-05 17:09:48: isDev true
2020-11-05 17:09:50: isDev true
2020-11-05 17:09:52: isDev true
2020-11-05 17:09:53: isDev true
2020-11-05 17:09:55: isDev true
2020-11-05 17:09:57: isDev true
2020-11-05 17:09:59: isDev true
2020-11-05 17:10:01: isDev true
2020-11-05 17:10:03: isDev true
2020-11-05 17:10:04: isDev true
2020-11-05 17:10:06: isDev true
2020-11-05 17:10:08: isDev true
2020-11-05 17:10:10: isDev true
2020-11-05 17:10:11: isDev true
2020-11-05 17:10:13: isDev true
2020-11-05 17:10:15: isDev true
2020-11-05 17:10:17: isDev true
2020-11-05 17:10:19: isDev true
2020-11-05 17:10:20: isDev true
2020-11-05 17:10:22: isDev true
2020-11-05 17:10:24: isDev true
2020-11-05 17:10:26: isDev true
2020-11-05 17:10:26: isDev true
2020-11-05 17:10:28: isDev true
2020-11-05 17:10:30: isDev true
2020-11-05 17:10:32: isDev true
2020-11-05 17:10:34: isDev true
2020-11-05 17:10:36: isDev true
2020-11-05 17:10:38: isDev true
2020-11-05 17:10:40: isDev true
2020-11-05 17:10:42: isDev true
2020-11-05 17:10:43: isDev true
2020-11-05 17:10:46: isDev true
2020-11-05 17:10:48: isDev true
2020-11-05 17:10:50: isDev true
2020-11-05 17:10:52: isDev true
2020-11-05 17:10:54: isDev true
2020-11-05 17:10:56: isDev true
2020-11-05 17:10:57: isDev true
2020-11-05 17:10:57: isDev true
2020-11-05 17:11:00: isDev true
2020-11-05 17:11:02: isDev true
2020-11-05 17:11:04: isDev true
2020-11-05 17:11:06: isDev true
2020-11-05 17:11:08: isDev true
2020-11-05 17:11:10: isDev true
2020-11-05 17:11:12: isDev true
2020-11-05 17:11:14: isDev true
2020-11-05 17:11:15: isDev true
2020-11-05 17:11:17: isDev true
2020-11-05 17:11:19: isDev true
2020-11-05 17:11:21: isDev true
2020-11-05 17:11:24: isDev true
2020-11-05 17:11:26: isDev true
2020-11-05 17:11:27: isDev true
2020-11-05 17:11:28: isDev true
2020-11-05 17:11:30: isDev true
2020-11-05 17:11:32: isDev true
2020-11-05 17:11:34: isDev true
2020-11-05 17:11:36: isDev true
2020-11-05 17:11:38: isDev true
2020-11-05 17:11:40: isDev true
2020-11-05 17:11:42: isDev true
2020-11-05 17:11:44: isDev true
2020-11-05 17:11:46: isDev true
2020-11-05 17:11:48: isDev true
2020-11-05 17:11:49: listening on port1 3330
2020-11-05 17:11:49: Mongoose connection open to 3330
2020-11-05 17:11:55: isDev true
2020-11-05 17:11:56: listening on port1 3330
2020-11-05 17:11:56: Mongoose connection open to 3330
2020-11-05 17:12:09: isDev true
2020-11-05 17:12:09: listening on port1 3330
2020-11-05 17:12:09: Mongoose connection open to 3330
2020-11-05 17:12:16: GET /test
2020-11-05 17:12:16: GET /favicon.ico
2020-11-05 17:12:25: isDev true
2020-11-05 17:12:26: listening on port1 3330
2020-11-05 17:12:26: Mongoose connection open to 3330
2020-11-05 17:12:55: isDev true
2020-11-05 17:12:56: listening on port1 3330
2020-11-05 17:12:56: Mongoose connection open to 3330
2020-11-05 17:13:21: isDev true
2020-11-05 17:13:22: listening on port1 3330
2020-11-05 17:13:22: Mongoose connection open to 3330
2020-11-05 17:13:24: GET /test
2020-11-05 17:13:25: isDev true
2020-11-05 17:13:26: listening on port1 3330
2020-11-05 17:13:26: Mongoose connection open to 3330
2020-11-05 17:13:56: isDev true
2020-11-05 17:13:56: listening on port1 3330
2020-11-05 17:13:56: Mongoose connection open to 3330
2020-11-05 17:14:25: isDev true
2020-11-05 17:14:27: isDev true
2020-11-05 17:14:27: isDev true
2020-11-05 17:14:28: listening on port1 3330
2020-11-05 17:14:28: listening on port1 3330
2020-11-05 17:14:28: Mongoose connection open to 3330
2020-11-05 17:14:28: Mongoose connection open to 3330
2020-11-05 17:14:55: isDev true
2020-11-05 17:14:56: listening on port1 3330
2020-11-05 17:14:56: Mongoose connection open to 3330
2020-11-05 17:15:25: isDev true
2020-11-05 17:15:26: listening on port1 3330
2020-11-05 17:15:26: Mongoose connection open to 3330
2020-11-05 17:15:55: isDev true
2020-11-05 17:15:56: listening on port1 3330
2020-11-05 17:15:56: Mongoose connection open to 3330
2020-11-05 17:16:04: isDev true
2020-11-05 17:16:04: isDev true
2020-11-05 17:16:05: server listenIng on port: 3330
2020-11-05 17:16:05: Mongoose connection open to 3330
2020-11-05 17:16:05: server listenIng on port: 3330
2020-11-05 17:16:05: Mongoose connection open to 3330
2020-11-05 17:16:10: GET /test
2020-11-05 17:16:25: isDev true
2020-11-05 17:16:26: server listenIng on port: 3330
2020-11-05 17:16:26: Mongoose connection open to 3330
2020-11-05 17:16:55: isDev true
2020-11-05 17:16:56: server listenIng on port: 3330
2020-11-05 17:16:56: Mongoose connection open to 3330
2020-11-05 17:17:07: GET /test
2020-11-05 17:17:15: GET /test?name=tang
2020-11-05 17:17:25: isDev true
2020-11-05 17:17:26: server listenIng on port: 3330
2020-11-05 17:17:26: Mongoose connection open to 3330
2020-11-05 17:17:55: isDev true
2020-11-05 17:17:56: server listenIng on port: 3330
2020-11-05 17:17:56: Mongoose connection open to 3330
2020-11-05 17:18:25: isDev true
2020-11-05 17:18:26: server listenIng on port: 3330
2020-11-05 17:18:26: Mongoose connection open to 3330
2020-11-05 17:18:55: isDev true
2020-11-05 17:18:56: server listenIng on port: 3330
2020-11-05 17:18:56: Mongoose connection open to 3330
2020-11-05 17:19:25: isDev true
2020-11-05 17:19:26: server listenIng on port: 3330
2020-11-05 17:19:26: Mongoose connection open to 3330
2020-11-05 17:19:55: isDev true
2020-11-05 17:19:56: server listenIng on port: 3330
2020-11-05 17:19:56: Mongoose connection open to 3330
2020-11-05 17:20:26: isDev true
2020-11-05 17:20:26: server listenIng on port: 3330
2020-11-05 17:20:26: Mongoose connection open to 3330
2020-11-05 17:20:32: isDev true
2020-11-05 17:20:32: isDev true
2020-11-05 17:20:33: server listenIng on port: 3330
2020-11-05 17:20:33: Mongoose connection open to 3330
2020-11-05 17:20:33: server listenIng on port: 3330
2020-11-05 17:20:33: Mongoose connection open to 3330
2020-11-05 17:20:36: isDev true
2020-11-05 17:20:39: isDev true
2020-11-05 17:20:40: server listenIng on port: 3330
2020-11-05 17:20:40: Mongoose connection open to 3330
2020-11-05 17:20:55: isDev true
2020-11-05 17:20:56: server listenIng on port: 3330
2020-11-05 17:20:56: Mongoose connection open to 3330
2020-11-05 17:21:11: isDev true
2020-11-05 17:21:12: server listenIng on port: 3330
2020-11-05 17:21:12: Mongoose connection open to 3330
2020-11-05 17:21:25: isDev true
2020-11-05 17:21:27: isDev true
2020-11-05 17:21:27: isDev true
2020-11-05 17:21:28: server listenIng on port: 3330
2020-11-05 17:21:28: server listenIng on port: 3330
2020-11-05 17:21:28: Mongoose connection open to 3330
2020-11-05 17:21:28: Mongoose connection open to 3330
2020-11-05 17:21:55: isDev true
2020-11-05 17:22:00: isDev true
2020-11-05 17:22:02: isDev true
2020-11-05 17:22:04: isDev true
2020-11-05 17:22:05: server listenIng on port: 3330
2020-11-05 17:22:05: Mongoose connection open to 3330
2020-11-05 17:22:25: isDev true
2020-11-05 17:22:26: server listenIng on port: 3330
2020-11-05 17:22:26: Mongoose connection open to 3330
2020-11-05 17:22:36: isDev true
2020-11-05 17:22:38: isDev true
